<?xml version="1.0" encoding="UTF-8"?>
<!-- Generated by org.testng.reporters.JUnitReportReporter -->
<testsuite skipped="3" hostname="E0078D" name="TestNG.TestNGTests" tests="4" failures="0" timestamp="27 Dec 2019 17:44:16 GMT" time="80.293" errors="0">
  <testcase name="test4" time="80.293" classname="TestNG.TestNGTests"/>
  <testcase name="test3" classname="TestNG.TestNGTests">
    <skipped/>
  </testcase> <!-- test3 -->
  <testcase name="test2" classname="TestNG.TestNGTests">
    <skipped/>
  </testcase> <!-- test2 -->
  <testcase name="test1" classname="TestNG.TestNGTests">
    <skipped/>
  </testcase> <!-- test1 -->
</testsuite> <!-- TestNG.TestNGTests -->
