<?xml version="1.0" encoding="UTF-8"?>
<!-- Generated by org.testng.reporters.JUnitReportReporter -->
<testsuite skipped="0" hostname="E0078D" name="TestNG.TestNGTests" tests="4" failures="0" timestamp="30 Dec 2019 10:50:06 GMT" time="111.013" errors="0">
  <testcase name="test4" time="78.806" classname="TestNG.TestNGTests"/>
  <testcase name="test2" time="11.873" classname="TestNG.TestNGTests"/>
  <testcase name="test1" time="4.167" classname="TestNG.TestNGTests"/>
  <testcase name="test3" time="16.167" classname="TestNG.TestNGTests"/>
</testsuite> <!-- TestNG.TestNGTests -->
