<?xml version="1.0" encoding="UTF-8"?>
<!-- Generated by org.testng.reporters.JUnitReportReporter -->
<testsuite skipped="3" hostname="E0078D" name="TestNG.TestNGTests" tests="4" failures="0" timestamp="27 Dec 2019 18:13:08 GMT" time="3.809" errors="0">
  <testcase name="test1" time="3.809" classname="TestNG.TestNGTests"/>
  <testcase name="test3" classname="TestNG.TestNGTests">
    <skipped/>
  </testcase> <!-- test3 -->
  <testcase name="test4" classname="TestNG.TestNGTests">
    <skipped/>
  </testcase> <!-- test4 -->
  <testcase name="test2" classname="TestNG.TestNGTests">
    <skipped/>
  </testcase> <!-- test2 -->
</testsuite> <!-- TestNG.TestNGTests -->
